<?xml version="1.0" encoding="UTF-8"?>
<!-- Generated by org.testng.reporters.JUnitReportReporter -->
<testsuite hostname="KITE" failures="0" tests="14" name="pIBM.Listener" time="875.372" errors="0" timestamp="20 Dec 2022 11:42:55 GMT" skipped="0">
  <testcase classname="pIBM.Listener" name="Login" time="37.755"/>
  <testcase classname="pIBM.Listener" name="DeleteListenerifexist" time="38.347"/>
  <testcase classname="pIBM.Listener" name="CreateListener" time="147.761"/>
  <testcase classname="pIBM.Listener" name="ReadListenerData" time="54.933"/>
  <testcase classname="pIBM.Listener" name="ReadMQObjectAuthorityRecords" time="48.326"/>
  <testcase classname="pIBM.Listener" name="SearchListeners" time="45.445"/>
  <testcase classname="pIBM.Listener" name="SearchListenerEvents" time="45.634"/>
  <testcase classname="pIBM.Listener" name="ForecUpdateListener" time="44.819"/>
  <testcase classname="pIBM.Listener" name="ChangeListener" time="108.585"/>
  <testcase classname="pIBM.Listener" name="ChangeListenerCustomProperties" time="85.678"/>
  <testcase classname="pIBM.Listener" name="CopyListener" time="129.137"/>
  <testcase classname="pIBM.Listener" name="DeleteCopiedListener" time="39.863"/>
  <testcase classname="pIBM.Listener" name="DeleteListener" time="39.797"/>
  <testcase classname="pIBM.Listener" name="Logout" time="9.292"/>
</testsuite> <!-- pIBM.Listener -->
