<?xml version="1.0" encoding="UTF-8"?>
<!-- Generated by org.testng.reporters.JUnitReportReporter -->
<testsuite hostname="KITE" failures="0" tests="4" name="pIBM.Subscription" time="179.418" errors="0" timestamp="27 Dec 2022 10:05:38 GMT" skipped="0">
  <testcase classname="pIBM.Subscription" name="Login" time="38.096"/>
  <testcase classname="pIBM.Subscription" name="ForecUpdateSubscription" time="43.456"/>
  <testcase classname="pIBM.Subscription" name="ChangeSubscriptionCustomProperties" time="73.805"/>
  <testcase classname="pIBM.Subscription" name="Logout" time="24.061"/>
</testsuite> <!-- pIBM.Subscription -->
