<?xml version="1.0" encoding="UTF-8"?>
<!-- Generated by org.testng.reporters.JUnitReportReporter -->
<testsuite hostname="KITE" failures="0" tests="6" name="IBMMQ.IBMProcess" time="288.081" errors="0" timestamp="25 Jan 2023 13:20:22 GMT" skipped="0">
  <testcase classname="IBMMQ.IBMProcess" name="Login" time="36.958"/>
  <testcase classname="IBMMQ.IBMProcess" name="ChangeProcessCustomProperties" time="44.518"/>
  <testcase classname="IBMMQ.IBMProcess" name="CopyProcess" time="105.885"/>
  <testcase classname="IBMMQ.IBMProcess" name="DeleteCopiedProcess" time="38.482"/>
  <testcase classname="IBMMQ.IBMProcess" name="DeleteProcess" time="38.291"/>
  <testcase classname="IBMMQ.IBMProcess" name="Logout" time="23.947"/>
</testsuite> <!-- IBMMQ.IBMProcess -->
