<?xml version="1.0" encoding="UTF-8"?>
<!-- Generated by org.testng.reporters.JUnitReportReporter -->
<testsuite hostname="KITE" failures="0" tests="15" name="pIBM.Node" time="699.050" errors="0" timestamp="27 Dec 2022 05:29:51 GMT" skipped="0">
  <testcase classname="pIBM.Node" name="Login" time="41.184"/>
  <testcase classname="pIBM.Node" name="CreateNode" time="112.393"/>
  <testcase classname="pIBM.Node" name="DeleteNodeifexist" time="23.735"/>
  <testcase classname="pIBM.Node" name="ReadNodeData" time="29.019"/>
  <testcase classname="pIBM.Node" name="SearchNode" time="29.862"/>
  <testcase classname="pIBM.Node" name="DiscoverNowNode" time="30.970"/>
  <testcase classname="pIBM.Node" name="StartAllWMQObjects" time="28.322"/>
  <testcase classname="pIBM.Node" name="StopAllWMQObjects" time="29.047"/>
  <testcase classname="pIBM.Node" name="SearchNodeEvents" time="27.113"/>
  <testcase classname="pIBM.Node" name="ChangeNode" time="122.518"/>
  <testcase classname="pIBM.Node" name="ChangeNodeCustomProperties" time="30.716"/>
  <testcase classname="pIBM.Node" name="ManageNode" time="75.725"/>
  <testcase classname="pIBM.Node" name="DeleteNode" time="24.615"/>
  <testcase classname="pIBM.Node" name="UnmanageNode" time="69.939"/>
  <testcase classname="pIBM.Node" name="Logout" time="23.892"/>
</testsuite> <!-- pIBM.Node -->
