<?xml version="1.0" encoding="UTF-8"?>
<!-- Generated by org.testng.reporters.JUnitReportReporter -->
<testsuite hostname="KITE" failures="0" tests="20" name="IIB.IIBServer" time="893.435" errors="0" timestamp="17 Jan 2023 13:09:34 GMT" skipped="0">
  <testcase classname="IIB.IIBServer" name="Login" time="36.643"/>
  <testcase classname="IIB.IIBServer" name="DeleteIIBServerIfExist" time="34.794"/>
  <testcase classname="IIB.IIBServer" name="CreateIIBServer" time="97.909"/>
  <testcase classname="IIB.IIBServer" name="ReadIIBServerData" time="42.411"/>
  <testcase classname="IIB.IIBServer" name="SearchIIBServers" time="42.691"/>
  <testcase classname="IIB.IIBServer" name="SearchIIBServerEvents" time="43.098"/>
  <testcase classname="IIB.IIBServer" name="ForceUpdateIIBServer" time="44.040"/>
  <testcase classname="IIB.IIBServer" name="ChangeIIBServerCustomProperties" time="77.963"/>
  <testcase classname="IIB.IIBServer" name="StartIIBServer" time="44.254"/>
  <testcase classname="IIB.IIBServer" name="StartIIBServerAllApplicationTypes" time="42.557"/>
  <testcase classname="IIB.IIBServer" name="StartIIBServerAllMessageFlows" time="41.785"/>
  <testcase classname="IIB.IIBServer" name="StartIIBServerResourceStatistic" time="42.282"/>
  <testcase classname="IIB.IIBServer" name="StartIIBServerStatistic" time="42.403"/>
  <testcase classname="IIB.IIBServer" name="StopIIBServices" time="42.237"/>
  <testcase classname="IIB.IIBServer" name="StopIIBServerAllApplicationTypes" time="42.750"/>
  <testcase classname="IIB.IIBServer" name="StopIIBServerAllMessageFlows" time="43.954"/>
  <testcase classname="IIB.IIBServer" name="StopIIBServerResourceStatistic" time="43.609"/>
  <testcase classname="IIB.IIBServer" name="StopIIBServerStatistic" time="42.499"/>
  <testcase classname="IIB.IIBServer" name="DeleteIIBServer" time="38.062"/>
  <testcase classname="IIB.IIBServer" name="Logout" time="7.494"/>
</testsuite> <!-- IIB.IIBServer -->
