<?xml version="1.0" encoding="UTF-8"?>
<!-- Generated by org.testng.reporters.JUnitReportReporter -->
<testsuite hostname="KITE" failures="0" tests="2" name="packageR.Node" time="59.699" errors="0" timestamp="12 Dec 2022 11:30:33 GMT" skipped="0">
  <testcase classname="packageR.Node" name="Login" time="36.123"/>
  <testcase classname="packageR.Node" name="Logout" time="23.576"/>
</testsuite> <!-- packageR.Node -->
