<?xml version="1.0" encoding="UTF-8"?>
<!-- Generated by org.testng.reporters.JUnitReportReporter -->
<testsuite hostname="KITE" failures="0" tests="7" name="IIB.IIBResource" time="361.003" errors="0" timestamp="17 Jan 2023 12:39:23 GMT" skipped="0">
  <testcase classname="IIB.IIBResource" name="Login" time="36.670"/>
  <testcase classname="IIB.IIBResource" name="ReadIIBResourceData" time="55.710"/>
  <testcase classname="IIB.IIBResource" name="SearchIIBResources" time="55.004"/>
  <testcase classname="IIB.IIBResource" name="SearchIIBResourceEvents" time="55.213"/>
  <testcase classname="IIB.IIBResource" name="ForceUpdateIIBResource" time="54.393"/>
  <testcase classname="IIB.IIBResource" name="ChangeIIBResourceCustomProperties" time="80.442"/>
  <testcase classname="IIB.IIBResource" name="Logout" time="23.571"/>
</testsuite> <!-- IIB.IIBResource -->
