<?xml version="1.0" encoding="UTF-8"?>
<!-- Generated by org.testng.reporters.JUnitReportReporter -->
<testsuite hostname="KITE" failures="0" tests="3" name="KAFKA.KafkaSchemaRegistry" time="224.992" errors="0" timestamp="20 Feb 2023 14:12:06 GMT" skipped="0">
  <testcase classname="KAFKA.KafkaSchemaRegistry" name="Login" time="37.569"/>
  <testcase classname="KAFKA.KafkaSchemaRegistry" name="ChangeKafkaSchemaRegistry" time="179.367"/>
  <testcase classname="KAFKA.KafkaSchemaRegistry" name="Logout" time="8.056"/>
</testsuite> <!-- KAFKA.KafkaSchemaRegistry -->
