<?xml version="1.0" encoding="UTF-8"?>
<!-- Generated by org.testng.reporters.JUnitReportReporter -->
<testsuite hostname="KITE" failures="0" tests="13" name="IIB.IIBService" time="608.916" errors="0" timestamp="19 Jan 2023 07:51:07 GMT" skipped="0">
  <testcase classname="IIB.IIBService" name="Login" time="36.294"/>
  <testcase classname="IIB.IIBService" name="ReadIIBServiceData" time="49.851"/>
  <testcase classname="IIB.IIBService" name="SearchIIBServices" time="49.484"/>
  <testcase classname="IIB.IIBService" name="SearchIIBServiceEvents" time="48.478"/>
  <testcase classname="IIB.IIBService" name="ForceUpdateIIBService" time="46.835"/>
  <testcase classname="IIB.IIBService" name="ChangeIIBServiceCustomProperties" time="75.150"/>
  <testcase classname="IIB.IIBService" name="StopIIBServices" time="48.967"/>
  <testcase classname="IIB.IIBService" name="StopIIBServiceFlowMonitoring" time="48.933"/>
  <testcase classname="IIB.IIBService" name="StopIIBServiceStatistic" time="49.342"/>
  <testcase classname="IIB.IIBService" name="StartIIBServices" time="48.813"/>
  <testcase classname="IIB.IIBService" name="StartIIBServiceFlowMonitoring" time="49.537"/>
  <testcase classname="IIB.IIBService" name="StartIIBServiceStatistic" time="49.193"/>
  <testcase classname="IIB.IIBService" name="Logout" time="8.039"/>
</testsuite> <!-- IIB.IIBService -->
