<?xml version="1.0" encoding="UTF-8"?>
<!-- Generated by org.testng.reporters.JUnitReportReporter -->
<testsuite hostname="KITE" failures="0" tests="9" name="IIB.IIBLibrary" time="436.123" errors="0" timestamp="24 Jan 2023 06:43:24 GMT" skipped="0">
  <testcase classname="IIB.IIBLibrary" name="Login" time="40.815"/>
  <testcase classname="IIB.IIBLibrary" name="ReadIIBLibraryData" time="51.262"/>
  <testcase classname="IIB.IIBLibrary" name="SearchIIBLibraries" time="47.852"/>
  <testcase classname="IIB.IIBLibrary" name="SearchIIBLibraryEvents" time="50.507"/>
  <testcase classname="IIB.IIBLibrary" name="ForceupdateIIBLibrary" time="47.712"/>
  <testcase classname="IIB.IIBLibrary" name="ChangeIIBLibraryCustomProperties" time="76.105"/>
  <testcase classname="IIB.IIBLibrary" name="StartIIBLibraryStatistic" time="47.625"/>
  <testcase classname="IIB.IIBLibrary" name="StopIIBLibraryStatistic" time="49.452"/>
  <testcase classname="IIB.IIBLibrary" name="Logout" time="24.793"/>
</testsuite> <!-- IIB.IIBLibrary -->
