<?xml version="1.0" encoding="UTF-8"?>
<!-- Generated by org.testng.reporters.JUnitReportReporter -->
<testsuite hostname="KITE" failures="0" tests="8" name="KAFKA.KafkaRemoteQmgr" time="446.529" errors="0" timestamp="16 Feb 2023 10:45:50 GMT" skipped="0">
  <testcase classname="KAFKA.KafkaRemoteQmgr" name="Login" time="37.749"/>
  <testcase classname="KAFKA.KafkaRemoteQmgr" name="DeleteKafkaRemoteQmgrIfExist" time="28.984"/>
  <testcase classname="KAFKA.KafkaRemoteQmgr" name="CreateKafkaRemoteQmgr" time="121.053"/>
  <testcase classname="KAFKA.KafkaRemoteQmgr" name="ReadKafkaRemoteQmgrData" time="36.696"/>
  <testcase classname="KAFKA.KafkaRemoteQmgr" name="SearchKafkaRemoteQmgrs" time="36.527"/>
  <testcase classname="KAFKA.KafkaRemoteQmgr" name="ChangeKafkaRemoteQmgr" time="142.574"/>
  <testcase classname="KAFKA.KafkaRemoteQmgr" name="DeleteKafkaRemoteQmgr" time="34.109"/>
  <testcase classname="KAFKA.KafkaRemoteQmgr" name="Logout" time="8.837"/>
</testsuite> <!-- KAFKA.KafkaRemoteQmgr -->
