<?xml version="1.0" encoding="UTF-8"?>
<!-- Generated by org.testng.reporters.JUnitReportReporter -->
<testsuite hostname="KITE" failures="0" tests="7" name="KAFKA.KafkaConnectInstances" time="297.166" errors="0" timestamp="23 Feb 2023 11:41:25 GMT" skipped="0">
  <testcase classname="KAFKA.KafkaConnectInstances" name="Login" time="39.265"/>
  <testcase classname="KAFKA.KafkaConnectInstances" name="ReadKafkaConnectInstanceData" time="45.163"/>
  <testcase classname="KAFKA.KafkaConnectInstances" name="SearchKafkaConnectInstances" time="45.148"/>
  <testcase classname="KAFKA.KafkaConnectInstances" name="SearchKafkaConnectInstanceEvents" time="45.282"/>
  <testcase classname="KAFKA.KafkaConnectInstances" name="ForceUpdateKafkaConnectInstance" time="43.967"/>
  <testcase classname="KAFKA.KafkaConnectInstances" name="ChangeKafkaConnectInstanceCustomProperties" time="70.561"/>
  <testcase classname="KAFKA.KafkaConnectInstances" name="Logout" time="7.780"/>
</testsuite> <!-- KAFKA.KafkaConnectInstances -->
