<?xml version="1.0" encoding="UTF-8"?>
<!-- Generated by org.testng.reporters.JUnitReportReporter -->
<testsuite hostname="KITE" failures="0" tests="10" name="KAFKA.KafkaTopic" time="687.471" errors="0" timestamp="16 Feb 2023 10:37:12 GMT" skipped="0">
  <testcase classname="KAFKA.KafkaTopic" name="Login" time="37.576"/>
  <testcase classname="KAFKA.KafkaTopic" name="CreateKafkaTopic" time="152.240"/>
  <testcase classname="KAFKA.KafkaTopic" name="ReadKafkaTopicData" time="44.546"/>
  <testcase classname="KAFKA.KafkaTopic" name="SearchKafkaTopics" time="44.852"/>
  <testcase classname="KAFKA.KafkaTopic" name="SearchKafkaTopicEvents" time="45.493"/>
  <testcase classname="KAFKA.KafkaTopic" name="ForceUpdateKafkaTopic" time="43.672"/>
  <testcase classname="KAFKA.KafkaTopic" name="ChangeKafkaTopic" time="176.512"/>
  <testcase classname="KAFKA.KafkaTopic" name="ChangeKafkaTopicCustomProperties" time="87.940"/>
  <testcase classname="KAFKA.KafkaTopic" name="DeleteKafkaTopic" time="46.170"/>
  <testcase classname="KAFKA.KafkaTopic" name="Logout" time="8.470"/>
</testsuite> <!-- KAFKA.KafkaTopic -->
