<?xml version="1.0" encoding="UTF-8"?>
<!-- Generated by org.testng.reporters.JUnitReportReporter -->
<testsuite hostname="KITE" failures="0" tests="3" name="packageR.Topic" time="168.184" errors="0" timestamp="16 Dec 2022 08:30:26 GMT" skipped="0">
  <testcase classname="packageR.Topic" name="Login" time="38.149"/>
  <testcase classname="packageR.Topic" name="CreateTopic" time="106.454"/>
  <testcase classname="packageR.Topic" name="Logout" time="23.581"/>
</testsuite> <!-- packageR.Topic -->
