<?xml version="1.0" encoding="UTF-8"?>
<!-- Generated by org.testng.reporters.JUnitReportReporter -->
<testsuite hostname="KITE" failures="0" tests="6" name="IBMMQ.IBMCluster_QMgr" time="311.543" errors="0" timestamp="24 Jan 2023 09:40:24 GMT" skipped="0">
  <testcase classname="IBMMQ.IBMCluster_QMgr" name="Login" time="38.270"/>
  <testcase classname="IBMMQ.IBMCluster_QMgr" name="ReadClusterQmgrData" time="56.653"/>
  <testcase classname="IBMMQ.IBMCluster_QMgr" name="SearchClusterQmgrs" time="56.059"/>
  <testcase classname="IBMMQ.IBMCluster_QMgr" name="SearchClusterQmgrEvents" time="56.441"/>
  <testcase classname="IBMMQ.IBMCluster_QMgr" name="ChangeClusterQmgrCustomProperties" time="80.286"/>
  <testcase classname="IBMMQ.IBMCluster_QMgr" name="Logout" time="23.834"/>
</testsuite> <!-- IBMMQ.IBMCluster_QMgr -->
