<?xml version="1.0" encoding="UTF-8"?>
<!-- Generated by org.testng.reporters.JUnitReportReporter -->
<testsuite hostname="KITE" failures="0" tests="14" name="pIBM.CommInfo" time="867.828" errors="0" timestamp="21 Dec 2022 13:04:27 GMT" skipped="0">
  <testcase classname="pIBM.CommInfo" name="Login" time="39.700"/>
  <testcase classname="pIBM.CommInfo" name="DeleteCommInfoifexist" time="39.201"/>
  <testcase classname="pIBM.CommInfo" name="CreateCommInfo" time="121.542"/>
  <testcase classname="pIBM.CommInfo" name="ReadCommInfoData" time="45.041"/>
  <testcase classname="pIBM.CommInfo" name="ReadMQObjectAuthorityRecords" time="44.811"/>
  <testcase classname="pIBM.CommInfo" name="SearchCommInfos" time="44.996"/>
  <testcase classname="pIBM.CommInfo" name="SearchComminfoEvents" time="45.751"/>
  <testcase classname="pIBM.CommInfo" name="ForecUpdateCommInfo" time="43.759"/>
  <testcase classname="pIBM.CommInfo" name="ChangeCommInfoCustomProperties" time="47.124"/>
  <testcase classname="pIBM.CommInfo" name="ChangeCommInfo" time="147.717"/>
  <testcase classname="pIBM.CommInfo" name="CopyCommInfo" time="159.142"/>
  <testcase classname="pIBM.CommInfo" name="DeleteCopiedCommInfo" time="40.234"/>
  <testcase classname="pIBM.CommInfo" name="DeleteCommInfo" time="40.149"/>
  <testcase classname="pIBM.CommInfo" name="Logout" time="8.661"/>
</testsuite> <!-- pIBM.CommInfo -->
