<?xml version="1.0" encoding="UTF-8"?>
<!-- Generated by org.testng.reporters.JUnitReportReporter -->
<testsuite hostname="KITE" failures="0" tests="16" name="IBMMQ.IBMQueue" time="998.232" errors="0" timestamp="27 Jan 2023 07:06:23 GMT" skipped="0">
  <testcase classname="IBMMQ.IBMQueue" name="Login" time="39.393"/>
  <testcase classname="IBMMQ.IBMQueue" name="DeleteifQueueexist" time="45.231"/>
  <testcase classname="IBMMQ.IBMQueue" name="CreateQueue" time="98.101"/>
  <testcase classname="IBMMQ.IBMQueue" name="ReadQueueData" time="51.301"/>
  <testcase classname="IBMMQ.IBMQueue" name="ReadMQObjectAuthorityRecords" time="50.147"/>
  <testcase classname="IBMMQ.IBMQueue" name="SearchQueues" time="50.187"/>
  <testcase classname="IBMMQ.IBMQueue" name="SearchQueueAccountings" time="51.637"/>
  <testcase classname="IBMMQ.IBMQueue" name="SearchQueueEvents" time="50.479"/>
  <testcase classname="IBMMQ.IBMQueue" name="SearchQueueStatistics" time="52.948"/>
  <testcase classname="IBMMQ.IBMQueue" name="ForceUpdateQueue" time="52.192"/>
  <testcase classname="IBMMQ.IBMQueue" name="ChangeQueue" time="148.421"/>
  <testcase classname="IBMMQ.IBMQueue" name="ChangeQueueCustomProperties" time="52.464"/>
  <testcase classname="IBMMQ.IBMQueue" name="CopyQueue" time="138.480"/>
  <testcase classname="IBMMQ.IBMQueue" name="DeleteCopiedQueue" time="47.678"/>
  <testcase classname="IBMMQ.IBMQueue" name="DeleteQueue" time="45.761"/>
  <testcase classname="IBMMQ.IBMQueue" name="Logout" time="23.812"/>
</testsuite> <!-- IBMMQ.IBMQueue -->
