<?xml version="1.0" encoding="UTF-8"?>
<!-- Generated by org.testng.reporters.JUnitReportReporter -->
<testsuite hostname="KITE" failures="0" tests="8" name="KAFKA.KafkaBroker" time="447.813" errors="0" timestamp="23 Feb 2023 11:17:53 GMT" skipped="0">
  <testcase classname="KAFKA.KafkaBroker" name="Login" time="37.959"/>
  <testcase classname="KAFKA.KafkaBroker" name="ReadKafkaBrokerData" time="43.475"/>
  <testcase classname="KAFKA.KafkaBroker" name="SearchKafkaBrokers" time="44.871"/>
  <testcase classname="KAFKA.KafkaBroker" name="SearchKafkaBrokerEvents" time="45.014"/>
  <testcase classname="KAFKA.KafkaBroker" name="ForceUpdatKafkaBroker" time="43.723"/>
  <testcase classname="KAFKA.KafkaBroker" name="ChangeKafkaBroker" time="145.853"/>
  <testcase classname="KAFKA.KafkaBroker" name="ChangeKafkaBrokerCustomProperties" time="78.968"/>
  <testcase classname="KAFKA.KafkaBroker" name="Logout" time="7.950"/>
</testsuite> <!-- KAFKA.KafkaBroker -->
