<?xml version="1.0" encoding="UTF-8"?>
<!-- Generated by org.testng.reporters.JUnitReportReporter -->
<testsuite hostname="KITE" failures="0" tests="7" name="packageR.Queue" time="392.915" errors="0" timestamp="15 Dec 2022 11:22:18 GMT" skipped="0">
  <testcase classname="packageR.Queue" name="Login" time="37.673"/>
  <testcase classname="packageR.Queue" name="DeleteifQueueexist" time="46.015"/>
  <testcase classname="packageR.Queue" name="CreateQueue" time="86.213"/>
  <testcase classname="packageR.Queue" name="CopyQueue" time="112.609"/>
  <testcase classname="packageR.Queue" name="DeleteCopiedQueue" time="57.366"/>
  <testcase classname="packageR.Queue" name="DeleteQueue" time="45.259"/>
  <testcase classname="packageR.Queue" name="Logout" time="7.780"/>
</testsuite> <!-- packageR.Queue -->
