<?xml version="1.0" encoding="UTF-8"?>
<!-- Generated by org.testng.reporters.JUnitReportReporter -->
<testsuite hostname="KITE" failures="0" tests="10" name="KAFKA.KafkaKSQL" time="435.830" errors="0" timestamp="22 Feb 2023 11:16:00 GMT" skipped="0">
  <testcase classname="KAFKA.KafkaKSQL" name="Login" time="37.989"/>
  <testcase classname="KAFKA.KafkaKSQL" name="ReadKafkaKSQLInstanceData" time="45.120"/>
  <testcase classname="KAFKA.KafkaKSQL" name="ReadKafkaKSQLQueries" time="45.326"/>
  <testcase classname="KAFKA.KafkaKSQL" name="ReadKafkaKSQLStreams" time="44.486"/>
  <testcase classname="KAFKA.KafkaKSQL" name="ReadKafkaKSQLTables" time="44.882"/>
  <testcase classname="KAFKA.KafkaKSQL" name="SearchKafkaKSQLInstances" time="44.545"/>
  <testcase classname="KAFKA.KafkaKSQL" name="SearchKafkaKSQLInstanceEvents" time="46.705"/>
  <testcase classname="KAFKA.KafkaKSQL" name="ForceUpdateKafkaKSQLInstance" time="44.338"/>
  <testcase classname="KAFKA.KafkaKSQL" name="ChangeKafkaKSQLInstanceCustomProperties" time="74.347"/>
  <testcase classname="KAFKA.KafkaKSQL" name="Logout" time="8.092"/>
</testsuite> <!-- KAFKA.KafkaKSQL -->
