<?xml version="1.0" encoding="UTF-8"?>
<!-- Generated by org.testng.reporters.JUnitReportReporter -->
<testsuite hostname="DESKTOP-K4AEKHO" failures="0" tests="2" name="IBMMQ.ChannelAuth" time="59.871" errors="0" timestamp="2022-12-27T18:32:48 IST" skipped="0">
  <testcase classname="IBMMQ.ChannelAuth" name="Login" time="36.025"/>
  <system-out/>
  <testcase classname="IBMMQ.ChannelAuth" name="Logout" time="23.846"/>
  <system-out/>
</testsuite> <!-- IBMMQ.ChannelAuth -->
