<?xml version="1.0" encoding="UTF-8"?>
<!-- Generated by org.testng.reporters.JUnitReportReporter -->
<testsuite hostname="KITE" failures="0" tests="8" name="IBMMQ.IBMChannelAuth" time="472.418" errors="0" timestamp="27 Jan 2023 10:02:00 GMT" skipped="0">
  <testcase classname="IBMMQ.IBMChannelAuth" name="Login" time="36.926"/>
  <testcase classname="IBMMQ.IBMChannelAuth" name="SetChannelAuth" time="157.092"/>
  <testcase classname="IBMMQ.IBMChannelAuth" name="ReadChannelAuthData" time="46.279"/>
  <testcase classname="IBMMQ.IBMChannelAuth" name="SearchChannelAuth" time="46.707"/>
  <testcase classname="IBMMQ.IBMChannelAuth" name="SearchChannelAuthEvents" time="47.714"/>
  <testcase classname="IBMMQ.IBMChannelAuth" name="ForceUpdateChannelAuth" time="47.248"/>
  <testcase classname="IBMMQ.IBMChannelAuth" name="ChangeChannelAuthCustomProperties" time="82.093"/>
  <testcase classname="IBMMQ.IBMChannelAuth" name="Logout" time="8.359"/>
</testsuite> <!-- IBMMQ.IBMChannelAuth -->
