<?xml version="1.0" encoding="UTF-8"?>
<!-- Generated by org.testng.reporters.JUnitReportReporter -->
<testsuite hostname="KITE" failures="0" tests="8" name="KAFKA.KafkaRemoteQmgr" time="468.930" errors="0" timestamp="23 Feb 2023 11:52:37 GMT" skipped="0">
  <testcase classname="KAFKA.KafkaRemoteQmgr" name="Login" time="37.455"/>
  <testcase classname="KAFKA.KafkaRemoteQmgr" name="DeleteKafkaRemoteQmgrIfExist" time="28.610"/>
  <testcase classname="KAFKA.KafkaRemoteQmgr" name="CreateKafkaRemoteQmgr" time="120.900"/>
  <testcase classname="KAFKA.KafkaRemoteQmgr" name="ReadKafkaRemoteQmgrData" time="36.564"/>
  <testcase classname="KAFKA.KafkaRemoteQmgr" name="SearchKafkaRemoteQmgrs" time="37.708"/>
  <testcase classname="KAFKA.KafkaRemoteQmgr" name="ChangeKafkaRemoteQmgr" time="165.684"/>
  <testcase classname="KAFKA.KafkaRemoteQmgr" name="DeleteKafkaRemoteQmgr" time="33.404"/>
  <testcase classname="KAFKA.KafkaRemoteQmgr" name="Logout" time="8.605"/>
</testsuite> <!-- KAFKA.KafkaRemoteQmgr -->
