<?xml version="1.0" encoding="UTF-8"?>
<!-- Generated by org.testng.reporters.JUnitReportReporter -->
<testsuite hostname="KITE" failures="0" tests="7" name="IIB.IIBSharedLibrary" time="333.384" errors="0" timestamp="18 Jan 2023 07:57:07 GMT" skipped="0">
  <testcase classname="IIB.IIBSharedLibrary" name="Login" time="36.493"/>
  <testcase classname="IIB.IIBSharedLibrary" name="ReadIIBSharedLibraryData" time="48.052"/>
  <testcase classname="IIB.IIBSharedLibrary" name="SearchIIBSharedLibraries" time="49.404"/>
  <testcase classname="IIB.IIBSharedLibrary" name="SearchIIBSharedLibraryEvents" time="49.217"/>
  <testcase classname="IIB.IIBSharedLibrary" name="ForceupdateIIBSharedLibrary" time="48.091"/>
  <testcase classname="IIB.IIBSharedLibrary" name="ChangeIIBSharedLibraryCustomProperties" time="78.029"/>
  <testcase classname="IIB.IIBSharedLibrary" name="Logout" time="24.098"/>
</testsuite> <!-- IIB.IIBSharedLibrary -->
