<?xml version="1.0" encoding="UTF-8"?>
<!-- Generated by org.testng.reporters.JUnitReportReporter -->
<testsuite hostname="KITE" failures="0" tests="8" name="KAFKA.KafkaSchRegSubject" time="557.767" errors="0" timestamp="23 Feb 2023 11:04:41 GMT" skipped="0">
  <testcase classname="KAFKA.KafkaSchRegSubject" name="Login" time="37.291"/>
  <testcase classname="KAFKA.KafkaSchRegSubject" name="ReadKafkaSchRegSubjectData" time="51.492"/>
  <testcase classname="KAFKA.KafkaSchRegSubject" name="SearchKafkaSchRegSubjects" time="50.697"/>
  <testcase classname="KAFKA.KafkaSchRegSubject" name="SearchKafkaSchRegSubjectEvents" time="49.878"/>
  <testcase classname="KAFKA.KafkaSchRegSubject" name="ChangeKafkaSchRegSubject" time="219.843"/>
  <testcase classname="KAFKA.KafkaSchRegSubject" name="ForceupdateKafkaSchRegSubjects" time="52.809"/>
  <testcase classname="KAFKA.KafkaSchRegSubject" name="ChangeKafkaSchRegSubjectCustomProperties" time="87.578"/>
  <testcase classname="KAFKA.KafkaSchRegSubject" name="Logout" time="8.179"/>
</testsuite> <!-- KAFKA.KafkaSchRegSubject -->
