<?xml version="1.0" encoding="UTF-8"?>
<!-- Generated by org.testng.reporters.JUnitReportReporter -->
<testsuite hostname="KITE" failures="0" tests="8" name="IIB.IIBNode" time="302.872" errors="0" timestamp="24 Jan 2023 07:03:23 GMT" skipped="0">
  <testcase classname="IIB.IIBNode" name="Login" time="48.447"/>
  <testcase classname="IIB.IIBNode" name="ReadIIBNodeData" time="36.500"/>
  <testcase classname="IIB.IIBNode" name="ReadIIAdminLogs" time="37.277"/>
  <testcase classname="IIB.IIBNode" name="SearchIIBNodes" time="37.230"/>
  <testcase classname="IIB.IIBNode" name="SearchIIBnodeEvents" time="35.463"/>
  <testcase classname="IIB.IIBNode" name="ForceUpdateIIBNode" time="35.573"/>
  <testcase classname="IIB.IIBNode" name="ChangeIIBNodeCustomProperties" time="65.015"/>
  <testcase classname="IIB.IIBNode" name="Logout" time="7.367"/>
</testsuite> <!-- IIB.IIBNode -->
