<?xml version="1.0" encoding="UTF-8"?>
<!-- Generated by org.testng.reporters.JUnitReportReporter -->
<testsuite hostname="KITE" failures="0" tests="19" name="IBMMQ.IBMQmgr" time="996.127" errors="0" timestamp="27 Jan 2023 06:46:50 GMT" skipped="0">
  <testcase classname="IBMMQ.IBMQmgr" name="Login" time="38.529"/>
  <testcase classname="IBMMQ.IBMQmgr" name="CreateQmgr" time="91.289"/>
  <testcase classname="IBMMQ.IBMQmgr" name="ReadQmgrData" time="35.502"/>
  <testcase classname="IBMMQ.IBMQmgr" name="ReadMQObjectAuthorityRecords" time="36.070"/>
  <testcase classname="IBMMQ.IBMQmgr" name="SearchQmgr" time="33.338"/>
  <testcase classname="IBMMQ.IBMQmgr" name="SearchQmgrAccountings" time="35.168"/>
  <testcase classname="IBMMQ.IBMQmgr" name="SearchQmgrAuthorityService" time="35.588"/>
  <testcase classname="IBMMQ.IBMQmgr" name="SearchQmgrConnections" time="35.207"/>
  <testcase classname="IBMMQ.IBMQmgr" name="SearchQmgrEvents" time="37.703"/>
  <testcase classname="IBMMQ.IBMQmgr" name="SearchQmgrStatistics" time="36.639"/>
  <testcase classname="IBMMQ.IBMQmgr" name="Forceupdateqmgr" time="35.707"/>
  <testcase classname="IBMMQ.IBMQmgr" name="DiscoverNowqmgr" time="75.714"/>
  <testcase classname="IBMMQ.IBMQmgr" name="ChangeQmgr" time="111.535"/>
  <testcase classname="IBMMQ.IBMQmgr" name="ChangeQmgrCustomProperties" time="53.654"/>
  <testcase classname="IBMMQ.IBMQmgr" name="PingQmgr" time="34.794"/>
  <testcase classname="IBMMQ.IBMQmgr" name="ExecuteShellCommandOnQmgr" time="36.868"/>
  <testcase classname="IBMMQ.IBMQmgr" name="StartAllWMQObjects" time="100.144"/>
  <testcase classname="IBMMQ.IBMQmgr" name="StopAllWMQObjects" time="124.569"/>
  <testcase classname="IBMMQ.IBMQmgr" name="Logout" time="8.109"/>
</testsuite> <!-- IBMMQ.IBMQmgr -->
