<?xml version="1.0" encoding="UTF-8"?>
<!-- Generated by org.testng.reporters.JUnitReportReporter -->
<testsuite hostname="KITE" failures="0" tests="10" name="KAFKA.KafkaCluster" time="709.996" errors="0" timestamp="23 Feb 2023 11:32:17 GMT" skipped="0">
  <testcase classname="KAFKA.KafkaCluster" name="Login" time="37.477"/>
  <testcase classname="KAFKA.KafkaCluster" name="CreateKafkaClusterACL" time="188.370"/>
  <testcase classname="KAFKA.KafkaCluster" name="ReadKafkaClusterData" time="39.708"/>
  <testcase classname="KAFKA.KafkaCluster" name="ReadKafkaClusterACL" time="36.889"/>
  <testcase classname="KAFKA.KafkaCluster" name="SearchKafkaClusters" time="39.798"/>
  <testcase classname="KAFKA.KafkaCluster" name="SearchKafkaClusterEvents" time="40.398"/>
  <testcase classname="KAFKA.KafkaCluster" name="ForceUpdateKafkaCluster" time="40.146"/>
  <testcase classname="KAFKA.KafkaCluster" name="ChangeKafkaClusterCustomProperties" time="73.637"/>
  <testcase classname="KAFKA.KafkaCluster" name="DeleteKafkaClusterACL" time="205.624"/>
  <testcase classname="KAFKA.KafkaCluster" name="Logout" time="7.949"/>
</testsuite> <!-- KAFKA.KafkaCluster -->
