<?xml version="1.0" encoding="UTF-8"?>
<!-- Generated by org.testng.reporters.JUnitReportReporter -->
<testsuite hostname="KITE" failures="0" tests="8" name="pIBM.RemoteQmgr" time="499.541" errors="0" timestamp="21 Dec 2022 07:52:10 GMT" skipped="0">
  <testcase classname="pIBM.RemoteQmgr" name="Login" time="39.123"/>
  <testcase classname="pIBM.RemoteQmgr" name="DeleteRemoteQueueManagerifexist" time="33.060"/>
  <testcase classname="pIBM.RemoteQmgr" name="CreateRemoteQmgr" time="130.281"/>
  <testcase classname="pIBM.RemoteQmgr" name="ReadRemoteQueueManagerData" time="35.085"/>
  <testcase classname="pIBM.RemoteQmgr" name="SearchRemoteQueueManagers" time="37.965"/>
  <testcase classname="pIBM.RemoteQmgr" name="ChangeRemoteQmngr" time="165.911"/>
  <testcase classname="pIBM.RemoteQmgr" name="DeleteRemoteQueueManager" time="33.797"/>
  <testcase classname="pIBM.RemoteQmgr" name="Logout" time="24.319"/>
</testsuite> <!-- pIBM.RemoteQmgr -->
