<?xml version="1.0" encoding="UTF-8"?>
<!-- Generated by org.testng.reporters.JUnitReportReporter -->
<testsuite hostname="KITE" failures="0" tests="14" name="IBMMQ.IBMNamelist" time="812.046" errors="0" timestamp="24 Jan 2023 13:57:36 GMT" skipped="0">
  <testcase classname="IBMMQ.IBMNamelist" name="Login" time="37.269"/>
  <testcase classname="IBMMQ.IBMNamelist" name="DeleteNamelistifexist" time="37.142"/>
  <testcase classname="IBMMQ.IBMNamelist" name="CreateNamelist" time="99.847"/>
  <testcase classname="IBMMQ.IBMNamelist" name="ReadNamelistData" time="45.387"/>
  <testcase classname="IBMMQ.IBMNamelist" name="SearchNamelists" time="43.296"/>
  <testcase classname="IBMMQ.IBMNamelist" name="SearchNamelistEvents" time="43.724"/>
  <testcase classname="IBMMQ.IBMNamelist" name="ReadMQObjectAuthorityRecords" time="43.792"/>
  <testcase classname="IBMMQ.IBMNamelist" name="ForecUpdateNamelist" time="42.325"/>
  <testcase classname="IBMMQ.IBMNamelist" name="ChangeNamelistCustomProperties" time="42.637"/>
  <testcase classname="IBMMQ.IBMNamelist" name="ChangeNamelist" time="141.077"/>
  <testcase classname="IBMMQ.IBMNamelist" name="CopyNamelist" time="133.432"/>
  <testcase classname="IBMMQ.IBMNamelist" name="DeleteCopiedNamelist" time="38.478"/>
  <testcase classname="IBMMQ.IBMNamelist" name="DeleteNamelist" time="39.079"/>
  <testcase classname="IBMMQ.IBMNamelist" name="Logout" time="24.561"/>
</testsuite> <!-- IBMMQ.IBMNamelist -->
