<?xml version="1.0" encoding="UTF-8"?>
<!-- Generated by org.testng.reporters.JUnitReportReporter -->
<testsuite hostname="KITE" failures="0" tests="8" name="pIBM.ChannelAuth" time="512.469" errors="0" timestamp="27 Dec 2022 06:44:31 GMT" skipped="0">
  <testcase classname="pIBM.ChannelAuth" name="Login" time="37.904"/>
  <testcase classname="pIBM.ChannelAuth" name="SetChannelAuth" time="180.722"/>
  <testcase classname="pIBM.ChannelAuth" name="ReadChannelAuthData" time="48.146"/>
  <testcase classname="pIBM.ChannelAuth" name="SearchChannelAuth" time="47.558"/>
  <testcase classname="pIBM.ChannelAuth" name="SearchChannelAuthEvents" time="47.647"/>
  <testcase classname="pIBM.ChannelAuth" name="ForceUpdateChannelAuth" time="48.311"/>
  <testcase classname="pIBM.ChannelAuth" name="ChangeChannelAuthCustomProperties" time="77.829"/>
  <testcase classname="pIBM.ChannelAuth" name="Logout" time="24.352"/>
</testsuite> <!-- pIBM.ChannelAuth -->
