<?xml version="1.0" encoding="UTF-8"?>
<!-- Generated by org.testng.reporters.JUnitReportReporter -->
<testsuite hostname="KITE" failures="0" tests="8" name="IBMMQ.IBMRemoteQmgr" time="460.667" errors="0" timestamp="27 Jan 2023 07:15:37 GMT" skipped="0">
  <testcase classname="IBMMQ.IBMRemoteQmgr" name="Login" time="37.802"/>
  <testcase classname="IBMMQ.IBMRemoteQmgr" name="DeleteRemoteQueueManagerifexist" time="30.748"/>
  <testcase classname="IBMMQ.IBMRemoteQmgr" name="CreateRemoteQmgr" time="128.433"/>
  <testcase classname="IBMMQ.IBMRemoteQmgr" name="ReadRemoteQueueManagerData" time="36.825"/>
  <testcase classname="IBMMQ.IBMRemoteQmgr" name="SearchRemoteQueueManagers" time="37.849"/>
  <testcase classname="IBMMQ.IBMRemoteQmgr" name="ChangeRemoteQmngr" time="133.388"/>
  <testcase classname="IBMMQ.IBMRemoteQmgr" name="DeleteRemoteQueueManager" time="32.170"/>
  <testcase classname="IBMMQ.IBMRemoteQmgr" name="Logout" time="23.452"/>
</testsuite> <!-- IBMMQ.IBMRemoteQmgr -->
