<?xml version="1.0" encoding="UTF-8"?>
<!-- Generated by org.testng.reporters.JUnitReportReporter -->
<testsuite hostname="KITE" failures="0" tests="11" name="KAFKA.KafkaConnects" time="547.176" errors="0" timestamp="22 Feb 2023 12:44:38 GMT" skipped="0">
  <testcase classname="KAFKA.KafkaConnects" name="Login" time="40.339"/>
  <testcase classname="KAFKA.KafkaConnects" name="ReadKafkaConnectData" time="52.184"/>
  <testcase classname="KAFKA.KafkaConnects" name="SearchKafkaConnects" time="51.115"/>
  <testcase classname="KAFKA.KafkaConnects" name="SearchKafkaConnectEvents" time="52.250"/>
  <testcase classname="KAFKA.KafkaConnects" name="RestartKafkaConnect" time="50.865"/>
  <testcase classname="KAFKA.KafkaConnects" name="PauseKafkaConnect" time="49.436"/>
  <testcase classname="KAFKA.KafkaConnects" name="ResumeKafkaConnect" time="51.620"/>
  <testcase classname="KAFKA.KafkaConnects" name="RestartKafkaConnectTopic" time="51.694"/>
  <testcase classname="KAFKA.KafkaConnects" name="ForceUpdateKafkaConnect" time="49.914"/>
  <testcase classname="KAFKA.KafkaConnects" name="ChangeKafkaConnectCustomProperties" time="89.066"/>
  <testcase classname="KAFKA.KafkaConnects" name="Logout" time="8.693"/>
</testsuite> <!-- KAFKA.KafkaConnects -->
