<?xml version="1.0" encoding="UTF-8"?>
<!-- Generated by org.testng.reporters.JUnitReportReporter -->
<testsuite hostname="KITE" failures="0" tests="7" name="pIBM.Service" time="352.067" errors="0" timestamp="19 Dec 2022 10:09:40 GMT" skipped="0">
  <testcase classname="pIBM.Service" name="Login" time="37.737"/>
  <testcase classname="pIBM.Service" name="DeleteServiceifexist" time="40.553"/>
  <testcase classname="pIBM.Service" name="CreateService" time="84.151"/>
  <testcase classname="pIBM.Service" name="CopyService" time="103.426"/>
  <testcase classname="pIBM.Service" name="DeleteCopiedService" time="38.672"/>
  <testcase classname="pIBM.Service" name="DeleteService" time="39.172"/>
  <testcase classname="pIBM.Service" name="Logout" time="8.356"/>
</testsuite> <!-- pIBM.Service -->
