<?xml version="1.0" encoding="UTF-8"?>
<!-- Generated by org.testng.reporters.JUnitReportReporter -->
<testsuite hostname="KITE" failures="0" tests="3" name="packageR.Intro" time="150.919" errors="0" timestamp="08 Dec 2022 13:19:58 GMT" skipped="0">
  <testcase classname="packageR.Intro" name="Login" time="37.008"/>
  <testcase classname="packageR.Intro" name="CreateNode" time="92.346"/>
  <testcase classname="packageR.Intro" name="ReadNodeData" time="21.565"/>
</testsuite> <!-- packageR.Intro -->
