<?xml version="1.0" encoding="UTF-8"?>
<!-- Generated by org.testng.reporters.JUnitReportReporter -->
<testsuite hostname="KITE" failures="0" tests="7" name="KAFKA.KafkaConnectInstances" time="298.224" errors="0" timestamp="23 Feb 2023 06:38:12 GMT" skipped="0">
  <testcase classname="KAFKA.KafkaConnectInstances" name="Login" time="38.573"/>
  <testcase classname="KAFKA.KafkaConnectInstances" name="ReadKafkaConnectInstanceData" time="45.750"/>
  <testcase classname="KAFKA.KafkaConnectInstances" name="SearchKafkaConnectInstances" time="44.909"/>
  <testcase classname="KAFKA.KafkaConnectInstances" name="SearchKafkaConnectInstanceEvents" time="45.970"/>
  <testcase classname="KAFKA.KafkaConnectInstances" name="ForceUpdateKafkaConnectInstance" time="44.063"/>
  <testcase classname="KAFKA.KafkaConnectInstances" name="ChangeKafkaConnectInstanceCustomProperties" time="71.024"/>
  <testcase classname="KAFKA.KafkaConnectInstances" name="Logout" time="7.935"/>
</testsuite> <!-- KAFKA.KafkaConnectInstances -->
