<?xml version="1.0" encoding="UTF-8"?>
<!-- Generated by org.testng.reporters.JUnitReportReporter -->
<testsuite hostname="KITE" failures="0" tests="7" name="KAFKA.KafkaPartition" time="317.302" errors="0" timestamp="17 Feb 2023 11:10:21 GMT" skipped="0">
  <testcase classname="KAFKA.KafkaPartition" name="Login" time="47.217"/>
  <testcase classname="KAFKA.KafkaPartition" name="ReadKafkaPartitionData" time="43.817"/>
  <testcase classname="KAFKA.KafkaPartition" name="SearchKafkaPartitions" time="45.925"/>
  <testcase classname="KAFKA.KafkaPartition" name="SearchKafkaPartitionEvents" time="45.367"/>
  <testcase classname="KAFKA.KafkaPartition" name="ForceUpdateKafkaPartition" time="44.701"/>
  <testcase classname="KAFKA.KafkaPartition" name="ChangeKafkaPartitionCustomProperties" time="81.341"/>
  <testcase classname="KAFKA.KafkaPartition" name="Logout" time="8.934"/>
</testsuite> <!-- KAFKA.KafkaPartition -->
