<?xml version="1.0" encoding="UTF-8"?>
<!-- Generated by org.testng.reporters.JUnitReportReporter -->
<testsuite hostname="KITE" failures="0" tests="14" name="IBMMQ.IBMCommInfo" time="814.968" errors="0" timestamp="25 Jan 2023 12:40:53 GMT" skipped="0">
  <testcase classname="IBMMQ.IBMCommInfo" name="Login" time="37.402"/>
  <testcase classname="IBMMQ.IBMCommInfo" name="DeleteCommInfoifexist" time="35.967"/>
  <testcase classname="IBMMQ.IBMCommInfo" name="CreateCommInfo" time="100.739"/>
  <testcase classname="IBMMQ.IBMCommInfo" name="ReadCommInfoData" time="43.981"/>
  <testcase classname="IBMMQ.IBMCommInfo" name="ReadMQObjectAuthorityRecords" time="43.547"/>
  <testcase classname="IBMMQ.IBMCommInfo" name="SearchCommInfos" time="44.769"/>
  <testcase classname="IBMMQ.IBMCommInfo" name="SearchComminfoEvents" time="44.053"/>
  <testcase classname="IBMMQ.IBMCommInfo" name="ForecUpdateCommInfo" time="42.786"/>
  <testcase classname="IBMMQ.IBMCommInfo" name="ChangeCommInfoCustomProperties" time="71.860"/>
  <testcase classname="IBMMQ.IBMCommInfo" name="ChangeCommInfo" time="124.358"/>
  <testcase classname="IBMMQ.IBMCommInfo" name="CopyCommInfo" time="139.270"/>
  <testcase classname="IBMMQ.IBMCommInfo" name="DeleteCopiedCommInfo" time="39.481"/>
  <testcase classname="IBMMQ.IBMCommInfo" name="DeleteCommInfo" time="38.237"/>
  <testcase classname="IBMMQ.IBMCommInfo" name="Logout" time="8.518"/>
</testsuite> <!-- IBMMQ.IBMCommInfo -->
