<?xml version="1.0" encoding="UTF-8"?>
<!-- Generated by org.testng.reporters.JUnitReportReporter -->
<testsuite hostname="KITE" failures="0" tests="10" name="KAFKA.KafkaKSQL" time="443.943" errors="0" timestamp="21 Feb 2023 11:50:12 GMT" skipped="0">
  <testcase classname="KAFKA.KafkaKSQL" name="Login" time="39.315"/>
  <testcase classname="KAFKA.KafkaKSQL" name="ReadKafkaKSQLInstanceData" time="44.902"/>
  <testcase classname="KAFKA.KafkaKSQL" name="ReadKafkaKSQLQueries" time="45.238"/>
  <testcase classname="KAFKA.KafkaKSQL" name="ReadKafkaKSQLStreams" time="44.740"/>
  <testcase classname="KAFKA.KafkaKSQL" name="ReadKafkaKSQLTables" time="44.982"/>
  <testcase classname="KAFKA.KafkaKSQL" name="SearchKafkaKSQLInstances" time="45.611"/>
  <testcase classname="KAFKA.KafkaKSQL" name="SearchKafkaKSQLInstanceEvents" time="43.219"/>
  <testcase classname="KAFKA.KafkaKSQL" name="ForceUpdateKafkaKSQLInstance" time="45.267"/>
  <testcase classname="KAFKA.KafkaKSQL" name="ChangeKafkaKSQLInstanceCustomProperties" time="82.069"/>
  <testcase classname="KAFKA.KafkaKSQL" name="Logout" time="8.600"/>
</testsuite> <!-- KAFKA.KafkaKSQL -->
