<?xml version="1.0" encoding="UTF-8"?>
<!-- Generated by org.testng.reporters.JUnitReportReporter -->
<testsuite hostname="KITE" failures="0" tests="8" name="KAFKA.KafkaRemoteQmgr" time="537.420" errors="0" timestamp="09 Jan 2023 14:34:45 GMT" skipped="0">
  <testcase classname="KAFKA.KafkaRemoteQmgr" name="Login" time="38.872"/>
  <testcase classname="KAFKA.KafkaRemoteQmgr" name="DeleteKafkaRemoteQmgrIfExist" time="30.162"/>
  <testcase classname="KAFKA.KafkaRemoteQmgr" name="CreateKafkaRemoteQmgr" time="164.400"/>
  <testcase classname="KAFKA.KafkaRemoteQmgr" name="ReadKafkaRemoteQmgrData" time="38.839"/>
  <testcase classname="KAFKA.KafkaRemoteQmgr" name="SearchKafkaRemoteQmgrs" time="38.969"/>
  <testcase classname="KAFKA.KafkaRemoteQmgr" name="ChangeKafkaRemoteQmgr" time="183.365"/>
  <testcase classname="KAFKA.KafkaRemoteQmgr" name="DeleteKafkaRemoteQmgr" time="34.172"/>
  <testcase classname="KAFKA.KafkaRemoteQmgr" name="Logout" time="8.641"/>
</testsuite> <!-- KAFKA.KafkaRemoteQmgr -->
