<?xml version="1.0" encoding="UTF-8"?>
<!-- Generated by org.testng.reporters.JUnitReportReporter -->
<testsuite hostname="KITE" failures="0" tests="14" name="IBMMQ.IBMTopic" time="838.685" errors="0" timestamp="27 Jan 2023 07:45:45 GMT" skipped="0">
  <testcase classname="IBMMQ.IBMTopic" name="Login" time="37.741"/>
  <testcase classname="IBMMQ.IBMTopic" name="DeleteTopicifexist" time="37.632"/>
  <testcase classname="IBMMQ.IBMTopic" name="CreateTopic" time="118.513"/>
  <testcase classname="IBMMQ.IBMTopic" name="ReadTopicData" time="42.969"/>
  <testcase classname="IBMMQ.IBMTopic" name="SearchTopics" time="42.673"/>
  <testcase classname="IBMMQ.IBMTopic" name="SearchTopicEvents" time="43.353"/>
  <testcase classname="IBMMQ.IBMTopic" name="ReadMQObjectAuthorityRecords" time="42.585"/>
  <testcase classname="IBMMQ.IBMTopic" name="ForecUpdateTopic" time="42.230"/>
  <testcase classname="IBMMQ.IBMTopic" name="ChangeTopicCustomProperties" time="43.769"/>
  <testcase classname="IBMMQ.IBMTopic" name="ChangeTopic" time="113.368"/>
  <testcase classname="IBMMQ.IBMTopic" name="CopyTopic" time="168.610"/>
  <testcase classname="IBMMQ.IBMTopic" name="DeleteCopiedTopic" time="41.793"/>
  <testcase classname="IBMMQ.IBMTopic" name="DeleteTopic" time="39.665"/>
  <testcase classname="IBMMQ.IBMTopic" name="Logout" time="23.784"/>
</testsuite> <!-- IBMMQ.IBMTopic -->
