<?xml version="1.0" encoding="UTF-8"?>
<!-- Generated by org.testng.reporters.JUnitReportReporter -->
<testsuite hostname="KITE" failures="0" tests="7" name="IIB.IIBSubFlow" time="347.339" errors="0" timestamp="17 Jan 2023 12:32:19 GMT" skipped="0">
  <testcase classname="IIB.IIBSubFlow" name="Login" time="37.191"/>
  <testcase classname="IIB.IIBSubFlow" name="ReadIIBSubFlowData" time="55.074"/>
  <testcase classname="IIB.IIBSubFlow" name="SearchIIBSubFlows" time="48.680"/>
  <testcase classname="IIB.IIBSubFlow" name="SearchIIBSubFlowEvents" time="54.695"/>
  <testcase classname="IIB.IIBSubFlow" name="ForceUpdateIIBSubFlow" time="53.324"/>
  <testcase classname="IIB.IIBSubFlow" name="ChangeIIBSubFlowCustomProperties" time="90.818"/>
  <testcase classname="IIB.IIBSubFlow" name="Logout" time="7.557"/>
</testsuite> <!-- IIB.IIBSubFlow -->
