<?xml version="1.0" encoding="UTF-8"?>
<!-- Generated by org.testng.reporters.JUnitReportReporter -->
<testsuite hostname="KITE" failures="0" tests="6" name="pIBM.Namelist" time="247.135" errors="0" timestamp="19 Dec 2022 06:08:34 GMT" skipped="0">
  <testcase classname="pIBM.Namelist" name="Login" time="37.627"/>
  <testcase classname="pIBM.Namelist" name="DeleteNamelistifexist" time="37.801"/>
  <testcase classname="pIBM.Namelist" name="CreateNamelist" time="85.750"/>
  <testcase classname="pIBM.Namelist" name="DeleteCopiedNamelist" time="38.831"/>
  <testcase classname="pIBM.Namelist" name="DeleteNamelist" time="38.887"/>
  <testcase classname="pIBM.Namelist" name="Logout" time="8.239"/>
</testsuite> <!-- pIBM.Namelist -->
