<?xml version="1.0" encoding="UTF-8"?>
<!-- Generated by org.testng.reporters.JUnitReportReporter -->
<testsuite hostname="KITE" failures="0" tests="13" name="IBMMQ.IBMSubscription" time="848.018" errors="0" timestamp="27 Jan 2023 08:00:46 GMT" skipped="0">
  <testcase classname="IBMMQ.IBMSubscription" name="Login" time="38.851"/>
  <testcase classname="IBMMQ.IBMSubscription" name="DeleteSubscriptionifexist" time="37.391"/>
  <testcase classname="IBMMQ.IBMSubscription" name="CreateSubscription" time="217.152"/>
  <testcase classname="IBMMQ.IBMSubscription" name="ReadSubscriptionData" time="42.737"/>
  <testcase classname="IBMMQ.IBMSubscription" name="SearchSubscriptions" time="42.990"/>
  <testcase classname="IBMMQ.IBMSubscription" name="SearchSubscriptionEvents" time="42.810"/>
  <testcase classname="IBMMQ.IBMSubscription" name="ForecUpdateSubscription" time="42.270"/>
  <testcase classname="IBMMQ.IBMSubscription" name="ChangeSubscriptionCustomProperties" time="66.979"/>
  <testcase classname="IBMMQ.IBMSubscription" name="ChangeSubscription" time="106.731"/>
  <testcase classname="IBMMQ.IBMSubscription" name="CopySubscription" time="109.300"/>
  <testcase classname="IBMMQ.IBMSubscription" name="DeleteCopiedSubscription" time="38.300"/>
  <testcase classname="IBMMQ.IBMSubscription" name="DeleteSubscription" time="38.611"/>
  <testcase classname="IBMMQ.IBMSubscription" name="Logout" time="23.896"/>
</testsuite> <!-- IBMMQ.IBMSubscription -->
