<?xml version="1.0" encoding="UTF-8"?>
<!-- Generated by org.testng.reporters.JUnitReportReporter -->
<testsuite hostname="KITE" failures="0" tests="15" name="IIB.IIBMessageFlow" time="793.192" errors="0" timestamp="24 Jan 2023 06:57:20 GMT" skipped="0">
  <testcase classname="IIB.IIBMessageFlow" name="Login" time="37.806"/>
  <testcase classname="IIB.IIBMessageFlow" name="ReadIIBMessageFlowData" time="55.391"/>
  <testcase classname="IIB.IIBMessageFlow" name="ReadIIBMessageFlowActivityLogs" time="55.246"/>
  <testcase classname="IIB.IIBMessageFlow" name="SearchIIBMessageFlows" time="55.792"/>
  <testcase classname="IIB.IIBMessageFlow" name="SearchIIBMessageFlowEvents" time="53.161"/>
  <testcase classname="IIB.IIBMessageFlow" name="ForceUpdateIIBMessageFlow" time="54.217"/>
  <testcase classname="IIB.IIBMessageFlow" name="ChangeIIBMessageFlowCustomProperties" time="85.442"/>
  <testcase classname="IIB.IIBMessageFlow" name="StartIIBMessageFlow" time="55.196"/>
  <testcase classname="IIB.IIBMessageFlow" name="StartIIBMessageFlowFlowMonitoring" time="57.565"/>
  <testcase classname="IIB.IIBMessageFlow" name="StartIIBMessageFlowStatistic" time="56.403"/>
  <testcase classname="IIB.IIBMessageFlow" name="StopIIBMessageFlow" time="55.281"/>
  <testcase classname="IIB.IIBMessageFlow" name="StopIIBMessageFlowFlowMonitoring" time="54.582"/>
  <testcase classname="IIB.IIBMessageFlow" name="StopIIBMessageFlowRecording" time="54.437"/>
  <testcase classname="IIB.IIBMessageFlow" name="StopIIBMessageFlowStatistic" time="54.637"/>
  <testcase classname="IIB.IIBMessageFlow" name="Logout" time="8.036"/>
</testsuite> <!-- IIB.IIBMessageFlow -->
