<?xml version="1.0" encoding="UTF-8"?>
<!-- Generated by org.testng.reporters.JUnitReportReporter -->
<testsuite hostname="KITE" failures="0" tests="15" name="IBMMQ.Channel" time="1249.873" errors="0" timestamp="30 Dec 2022 08:18:23 GMT" skipped="0">
  <testcase classname="IBMMQ.Channel" name="Login" time="39.282"/>
  <testcase classname="IBMMQ.Channel" name="DeleteChannelifexist" time="41.472"/>
  <testcase classname="IBMMQ.Channel" name="CreateChannel" time="205.054"/>
  <testcase classname="IBMMQ.Channel" name="ReadChannelData" time="48.351"/>
  <testcase classname="IBMMQ.Channel" name="SearchChannels" time="48.568"/>
  <testcase classname="IBMMQ.Channel" name="ReadMQObjectAuthorityRecords" time="54.586"/>
  <testcase classname="IBMMQ.Channel" name="SearchChannelEvents" time="46.662"/>
  <testcase classname="IBMMQ.Channel" name="SearchChannelStatistics" time="47.482"/>
  <testcase classname="IBMMQ.Channel" name="ForceUpdateChannel" time="46.121"/>
  <testcase classname="IBMMQ.Channel" name="ChangeChannel" time="244.224"/>
  <testcase classname="IBMMQ.Channel" name="ChangeChannelCustomProperties" time="89.265"/>
  <testcase classname="IBMMQ.Channel" name="CopyChannel" time="231.462"/>
  <testcase classname="IBMMQ.Channel" name="DeleteCopiedChannel" time="41.649"/>
  <testcase classname="IBMMQ.Channel" name="DeleteChannel" time="41.814"/>
  <testcase classname="IBMMQ.Channel" name="Logout" time="23.881"/>
</testsuite> <!-- IBMMQ.Channel -->
