<?xml version="1.0" encoding="UTF-8"?>
<!-- Generated by org.testng.reporters.JUnitReportReporter -->
<testsuite hostname="KITE" failures="0" tests="19" name="IBMMQ.IBMQmgr" time="1024.676" errors="0" timestamp="08 Feb 2023 06:15:16 GMT" skipped="0">
  <testcase classname="IBMMQ.IBMQmgr" name="Login" time="39.289"/>
  <testcase classname="IBMMQ.IBMQmgr" name="CreateQmgr" time="89.313"/>
  <testcase classname="IBMMQ.IBMQmgr" name="ReadQmgrData" time="34.569"/>
  <testcase classname="IBMMQ.IBMQmgr" name="ReadMQObjectAuthorityRecords" time="35.030"/>
  <testcase classname="IBMMQ.IBMQmgr" name="SearchQmgr" time="32.675"/>
  <testcase classname="IBMMQ.IBMQmgr" name="SearchQmgrAccountings" time="35.097"/>
  <testcase classname="IBMMQ.IBMQmgr" name="SearchQmgrAuthorityService" time="33.859"/>
  <testcase classname="IBMMQ.IBMQmgr" name="SearchQmgrConnections" time="34.584"/>
  <testcase classname="IBMMQ.IBMQmgr" name="SearchQmgrEvents" time="34.479"/>
  <testcase classname="IBMMQ.IBMQmgr" name="SearchQmgrStatistics" time="34.805"/>
  <testcase classname="IBMMQ.IBMQmgr" name="Forceupdateqmgr" time="34.351"/>
  <testcase classname="IBMMQ.IBMQmgr" name="DiscoverNowqmgr" time="67.755"/>
  <testcase classname="IBMMQ.IBMQmgr" name="ChangeQmgr" time="100.285"/>
  <testcase classname="IBMMQ.IBMQmgr" name="ChangeQmgrCustomProperties" time="52.927"/>
  <testcase classname="IBMMQ.IBMQmgr" name="PingQmgr" time="34.518"/>
  <testcase classname="IBMMQ.IBMQmgr" name="ExecuteShellCommandOnQmgr" time="36.416"/>
  <testcase classname="IBMMQ.IBMQmgr" name="StartAllWMQObjects" time="115.433"/>
  <testcase classname="IBMMQ.IBMQmgr" name="StopAllWMQObjects" time="154.798"/>
  <testcase classname="IBMMQ.IBMQmgr" name="Logout" time="24.493"/>
</testsuite> <!-- IBMMQ.IBMQmgr -->
