<?xml version="1.0" encoding="UTF-8"?>
<!-- Generated by org.testng.reporters.JUnitReportReporter -->
<testsuite hostname="KITE" failures="0" tests="13" name="IIB.IIBApplication" time="629.061" errors="0" timestamp="24 Jan 2023 06:35:07 GMT" skipped="0">
  <testcase classname="IIB.IIBApplication" name="Login" time="43.927"/>
  <testcase classname="IIB.IIBApplication" name="ReadIIBApplicationData" time="50.454"/>
  <testcase classname="IIB.IIBApplication" name="SearchIIBApplications" time="50.170"/>
  <testcase classname="IIB.IIBApplication" name="SearchIIBApplicationEvents" time="49.205"/>
  <testcase classname="IIB.IIBApplication" name="ForceUpdateIIBApplication" time="47.777"/>
  <testcase classname="IIB.IIBApplication" name="ChangeIIBApplicationCustomProperties" time="78.084"/>
  <testcase classname="IIB.IIBApplication" name="StartIIBApplications" time="49.023"/>
  <testcase classname="IIB.IIBApplication" name="StartIIBApplicationFlowMonitoring" time="49.845"/>
  <testcase classname="IIB.IIBApplication" name="StartIIBApplicationStatistic" time="49.071"/>
  <testcase classname="IIB.IIBApplication" name="StopIIBApplications" time="50.395"/>
  <testcase classname="IIB.IIBApplication" name="StopIIBApplicationFlowMonitoring" time="50.976"/>
  <testcase classname="IIB.IIBApplication" name="StopIIBApplicationStatistic" time="51.034"/>
  <testcase classname="IIB.IIBApplication" name="Logout" time="9.100"/>
</testsuite> <!-- IIB.IIBApplication -->
