<?xml version="1.0" encoding="UTF-8"?>
<!-- Generated by org.testng.reporters.JUnitReportReporter -->
<testsuite hostname="KITE" failures="0" tests="13" name="IBMMQ.IBMService" time="717.402" errors="0" timestamp="27 Jan 2023 07:31:15 GMT" skipped="0">
  <testcase classname="IBMMQ.IBMService" name="Login" time="37.889"/>
  <testcase classname="IBMMQ.IBMService" name="DeleteServiceifexist" time="35.955"/>
  <testcase classname="IBMMQ.IBMService" name="CreateService" time="90.088"/>
  <testcase classname="IBMMQ.IBMService" name="ReadServiceData" time="41.067"/>
  <testcase classname="IBMMQ.IBMService" name="SearchServiceEvents" time="43.011"/>
  <testcase classname="IBMMQ.IBMService" name="ReadMQObjectAuthorityRecords" time="42.433"/>
  <testcase classname="IBMMQ.IBMService" name="ForecUpdateService" time="41.001"/>
  <testcase classname="IBMMQ.IBMService" name="ChangeServiceCustomProperties" time="42.149"/>
  <testcase classname="IBMMQ.IBMService" name="ChangeService" time="114.880"/>
  <testcase classname="IBMMQ.IBMService" name="CopyService" time="141.242"/>
  <testcase classname="IBMMQ.IBMService" name="DeleteCopiedService" time="39.591"/>
  <testcase classname="IBMMQ.IBMService" name="DeleteService" time="39.833"/>
  <testcase classname="IBMMQ.IBMService" name="Logout" time="8.263"/>
</testsuite> <!-- IBMMQ.IBMService -->
