<?xml version="1.0" encoding="UTF-8"?>
<!-- Generated by org.testng.reporters.JUnitReportReporter -->
<testsuite hostname="KITE" failures="0" tests="15" name="IBMMQ.IBMNode" time="869.147" errors="0" timestamp="16 Jan 2023 09:44:59 GMT" skipped="0">
  <testcase classname="IBMMQ.IBMNode" name="Login" time="41.431"/>
  <testcase classname="IBMMQ.IBMNode" name="CreateNode" time="149.506"/>
  <testcase classname="IBMMQ.IBMNode" name="DeleteNodeifexist" time="29.220"/>
  <testcase classname="IBMMQ.IBMNode" name="ReadNodeData" time="30.163"/>
  <testcase classname="IBMMQ.IBMNode" name="SearchNode" time="33.817"/>
  <testcase classname="IBMMQ.IBMNode" name="DiscoverNowNode" time="35.210"/>
  <testcase classname="IBMMQ.IBMNode" name="StartAllWMQObjects" time="30.647"/>
  <testcase classname="IBMMQ.IBMNode" name="StopAllWMQObjects" time="31.860"/>
  <testcase classname="IBMMQ.IBMNode" name="SearchNodeEvents" time="32.482"/>
  <testcase classname="IBMMQ.IBMNode" name="ChangeNode" time="196.233"/>
  <testcase classname="IBMMQ.IBMNode" name="ChangeNodeCustomProperties" time="35.272"/>
  <testcase classname="IBMMQ.IBMNode" name="ManageNode" time="95.512"/>
  <testcase classname="IBMMQ.IBMNode" name="UnmanageNode" time="92.913"/>
  <testcase classname="IBMMQ.IBMNode" name="DeleteNode" time="26.648"/>
  <testcase classname="IBMMQ.IBMNode" name="Logout" time="8.233"/>
</testsuite> <!-- IBMMQ.IBMNode -->
