<?xml version="1.0" encoding="UTF-8"?>
<!-- Generated by org.testng.reporters.JUnitReportReporter -->
<testsuite hostname="KITE" failures="0" tests="14" name="packageR.Process" time="740.400" errors="0" timestamp="16 Dec 2022 06:25:55 GMT" skipped="0">
  <testcase classname="packageR.Process" name="Login" time="37.582"/>
  <testcase classname="packageR.Process" name="DeleteProcessifexist" time="36.967"/>
  <testcase classname="packageR.Process" name="CreateProcess" time="75.775"/>
  <testcase classname="packageR.Process" name="ReadProcessData" time="40.954"/>
  <testcase classname="packageR.Process" name="SearchProcesses" time="42.864"/>
  <testcase classname="packageR.Process" name="SearchProcessEvents" time="43.820"/>
  <testcase classname="packageR.Process" name="ForceUpdateProcess" time="41.224"/>
  <testcase classname="packageR.Process" name="ReadMQObjectAuthorityRecords" time="44.590"/>
  <testcase classname="packageR.Process" name="ChangeProcess" time="118.239"/>
  <testcase classname="packageR.Process" name="ChangeProcessCustomProperties" time="46.731"/>
  <testcase classname="packageR.Process" name="CopyProcess" time="110.471"/>
  <testcase classname="packageR.Process" name="DeleteCopiedProcess" time="38.431"/>
  <testcase classname="packageR.Process" name="DeleteProcess" time="38.619"/>
  <testcase classname="packageR.Process" name="Logout" time="24.133"/>
</testsuite> <!-- packageR.Process -->
