<?xml version="1.0" encoding="UTF-8"?>
<!-- Generated by org.testng.reporters.JUnitReportReporter -->
<testsuite hostname="KITE" failures="0" tests="5" name="IBMMQ.IBMEvents" time="167.871" errors="0" timestamp="24 Jan 2023 13:28:16 GMT" skipped="0">
  <testcase classname="IBMMQ.IBMEvents" name="Login" time="36.623"/>
  <testcase classname="IBMMQ.IBMEvents" name="ReadEventData" time="33.254"/>
  <testcase classname="IBMMQ.IBMEvents" name="SearchEvents" time="48.678"/>
  <testcase classname="IBMMQ.IBMEvents" name="Deleteevents" time="25.471"/>
  <testcase classname="IBMMQ.IBMEvents" name="Logout" time="23.845"/>
</testsuite> <!-- IBMMQ.IBMEvents -->
