<?xml version="1.0" encoding="UTF-8"?>
<!-- Generated by org.testng.reporters.JUnitReportReporter -->
<testsuite hostname="KITE" failures="0" tests="6" name="KAFKA.KafkaSchRegSubVersion" time="310.493" errors="0" timestamp="24 Feb 2023 10:41:58 GMT" skipped="0">
  <testcase classname="KAFKA.KafkaSchRegSubVersion" name="Login" time="40.010"/>
  <testcase classname="KAFKA.KafkaSchRegSubVersion" name="SearchKafkaSchRegSubVersion" time="58.387"/>
  <testcase classname="KAFKA.KafkaSchRegSubVersion" name="SearchKafkaSchRegSubVersionEvents" time="58.083"/>
  <testcase classname="KAFKA.KafkaSchRegSubVersion" name="ForceupdateKafkaSchRegSubVersion" time="58.177"/>
  <testcase classname="KAFKA.KafkaSchRegSubVersion" name="ChangeKafkaSchRegSubVersionCustomProperties" time="87.721"/>
  <testcase classname="KAFKA.KafkaSchRegSubVersion" name="Logout" time="8.115"/>
</testsuite> <!-- KAFKA.KafkaSchRegSubVersion -->
