<?xml version="1.0" encoding="UTF-8"?>
<!-- Generated by org.testng.reporters.JUnitReportReporter -->
<testsuite hostname="KITE" failures="0" tests="8" name="IIB.IIBRemoteQmgr" time="488.183" errors="0" timestamp="18 Jan 2023 07:48:28 GMT" skipped="0">
  <testcase classname="IIB.IIBRemoteQmgr" name="Login" time="37.520"/>
  <testcase classname="IIB.IIBRemoteQmgr" name="DeleteIIBRemoteQmgrsifexist" time="28.433"/>
  <testcase classname="IIB.IIBRemoteQmgr" name="CreateIIBRemoteQmgr" time="126.526"/>
  <testcase classname="IIB.IIBRemoteQmgr" name="ReadIIBRemoteQmgrData" time="35.449"/>
  <testcase classname="IIB.IIBRemoteQmgr" name="SearchIIBRemoteQmgrs" time="37.350"/>
  <testcase classname="IIB.IIBRemoteQmgr" name="ChangeIIBRemoteQmgr" time="181.068"/>
  <testcase classname="IIB.IIBRemoteQmgr" name="DeleteIIBRemoteQmgrs" time="33.428"/>
  <testcase classname="IIB.IIBRemoteQmgr" name="Logout" time="8.409"/>
</testsuite> <!-- IIB.IIBRemoteQmgr -->
