<?xml version="1.0" encoding="UTF-8"?>
<!-- Generated by org.testng.reporters.JUnitReportReporter -->
<testsuite hostname="KITE" failures="0" tests="14" name="IBMMQ.IBMListener" time="882.029" errors="0" timestamp="24 Jan 2023 13:43:46 GMT" skipped="0">
  <testcase classname="IBMMQ.IBMListener" name="Login" time="36.941"/>
  <testcase classname="IBMMQ.IBMListener" name="DeleteListenerifexist" time="37.191"/>
  <testcase classname="IBMMQ.IBMListener" name="CreateListener" time="139.863"/>
  <testcase classname="IBMMQ.IBMListener" name="ReadListenerData" time="54.836"/>
  <testcase classname="IBMMQ.IBMListener" name="ReadMQObjectAuthorityRecords" time="47.516"/>
  <testcase classname="IBMMQ.IBMListener" name="SearchListeners" time="43.446"/>
  <testcase classname="IBMMQ.IBMListener" name="SearchListenerEvents" time="44.095"/>
  <testcase classname="IBMMQ.IBMListener" name="ForecUpdateListener" time="44.400"/>
  <testcase classname="IBMMQ.IBMListener" name="ChangeListener" time="134.960"/>
  <testcase classname="IBMMQ.IBMListener" name="ChangeListenerCustomProperties" time="74.723"/>
  <testcase classname="IBMMQ.IBMListener" name="CopyListener" time="123.733"/>
  <testcase classname="IBMMQ.IBMListener" name="DeleteCopiedListener" time="37.754"/>
  <testcase classname="IBMMQ.IBMListener" name="DeleteListener" time="38.430"/>
  <testcase classname="IBMMQ.IBMListener" name="Logout" time="24.141"/>
</testsuite> <!-- IBMMQ.IBMListener -->
