<?xml version="1.0" encoding="UTF-8"?>
<!-- Generated by org.testng.reporters.JUnitReportReporter -->
<testsuite hostname="KITE" failures="0" tests="5" name="IBMMQ.Events" time="168.347" errors="0" timestamp="30 Dec 2022 10:22:48 GMT" skipped="0">
  <testcase classname="IBMMQ.Events" name="Login" time="36.612"/>
  <testcase classname="IBMMQ.Events" name="ReadEventData" time="33.862"/>
  <testcase classname="IBMMQ.Events" name="SearchEvents" time="49.056"/>
  <testcase classname="IBMMQ.Events" name="Deleteevents" time="25.098"/>
  <testcase classname="IBMMQ.Events" name="Logout" time="23.719"/>
</testsuite> <!-- IBMMQ.Events -->
