<?xml version="1.0" encoding="UTF-8"?>
<!-- Generated by org.testng.reporters.JUnitReportReporter -->
<testsuite hostname="KITE" failures="0" tests="15" name="IBMMQ.IBMChannel" time="1206.462" errors="0" timestamp="27 Jan 2023 10:43:22 GMT" skipped="0">
  <testcase classname="IBMMQ.IBMChannel" name="Login" time="40.831"/>
  <testcase classname="IBMMQ.IBMChannel" name="DeleteChannelifexist" time="39.529"/>
  <testcase classname="IBMMQ.IBMChannel" name="CreateChannel" time="191.817"/>
  <testcase classname="IBMMQ.IBMChannel" name="ReadChannelData" time="48.597"/>
  <testcase classname="IBMMQ.IBMChannel" name="SearchChannels" time="48.977"/>
  <testcase classname="IBMMQ.IBMChannel" name="ReadMQObjectAuthorityRecords" time="54.469"/>
  <testcase classname="IBMMQ.IBMChannel" name="SearchChannelEvents" time="49.026"/>
  <testcase classname="IBMMQ.IBMChannel" name="SearchChannelStatistics" time="48.706"/>
  <testcase classname="IBMMQ.IBMChannel" name="ForceUpdateChannel" time="46.576"/>
  <testcase classname="IBMMQ.IBMChannel" name="ChangeChannel" time="248.650"/>
  <testcase classname="IBMMQ.IBMChannel" name="ChangeChannelCustomProperties" time="84.757"/>
  <testcase classname="IBMMQ.IBMChannel" name="CopyChannel" time="212.829"/>
  <testcase classname="IBMMQ.IBMChannel" name="DeleteCopiedChannel" time="41.906"/>
  <testcase classname="IBMMQ.IBMChannel" name="DeleteChannel" time="41.841"/>
  <testcase classname="IBMMQ.IBMChannel" name="Logout" time="7.951"/>
</testsuite> <!-- IBMMQ.IBMChannel -->
